[0.175s] Invoking command in '/home/agatino/turtlebot3_ws/build/turtlebot3_simulations': CMAKE_PREFIX_PATH=/home/agatino/turtlebot3_ws/install/turtlebot3_gazebo:/home/agatino/turtlebot3_ws/install/turtlebot3_fake_node:/home/agatino/turtlebot3_ws/install/turtlebot3_simulations:/opt/ros/foxy /usr/bin/cmake /home/agatino/turtlebot3_ws/src/turtlebot3_simulations/turtlebot3_simulations -DAMENT_CMAKE_SYMLINK_INSTALL=1 -DCMAKE_INSTALL_PREFIX=/home/agatino/turtlebot3_ws/install/turtlebot3_simulations
[0.239s] -- The C compiler identification is GNU 9.4.0
[0.296s] -- The CXX compiler identification is GNU 9.4.0
[0.303s] -- Check for working C compiler: /usr/bin/cc
[0.377s] -- Check for working C compiler: /usr/bin/cc -- works
[0.377s] -- Detecting C compiler ABI info
[0.454s] -- Detecting C compiler ABI info - done
[0.468s] -- Detecting C compile features
[0.468s] -- Detecting C compile features - done
[0.471s] -- Check for working CXX compiler: /usr/bin/c++
[0.559s] -- Check for working CXX compiler: /usr/bin/c++ -- works
[0.561s] -- Detecting CXX compiler ABI info
[0.657s] -- Detecting CXX compiler ABI info - done
[0.670s] -- Detecting CXX compile features
[0.671s] -- Detecting CXX compile features - done
[0.673s] -- Found ament_cmake: 0.9.12 (/opt/ros/foxy/share/ament_cmake/cmake)
[0.695s] -- Found PythonInterp: /usr/bin/python3 (found suitable version "3.8.10", minimum required is "3") 
[0.696s] -- Using PYTHON_EXECUTABLE: /usr/bin/python3
[0.862s] -- Override CMake install command with custom implementation using symlinks instead of copying resources
[0.953s] -- Configuring done
[0.955s] -- Generating done
[0.956s] -- Build files have been written to: /home/agatino/turtlebot3_ws/build/turtlebot3_simulations
[0.960s] Invoked command in '/home/agatino/turtlebot3_ws/build/turtlebot3_simulations' returned '0': CMAKE_PREFIX_PATH=/home/agatino/turtlebot3_ws/install/turtlebot3_gazebo:/home/agatino/turtlebot3_ws/install/turtlebot3_fake_node:/home/agatino/turtlebot3_ws/install/turtlebot3_simulations:/opt/ros/foxy /usr/bin/cmake /home/agatino/turtlebot3_ws/src/turtlebot3_simulations/turtlebot3_simulations -DAMENT_CMAKE_SYMLINK_INSTALL=1 -DCMAKE_INSTALL_PREFIX=/home/agatino/turtlebot3_ws/install/turtlebot3_simulations
[0.961s] Invoking command in '/home/agatino/turtlebot3_ws/build/turtlebot3_simulations': CMAKE_PREFIX_PATH=/home/agatino/turtlebot3_ws/install/turtlebot3_gazebo:/home/agatino/turtlebot3_ws/install/turtlebot3_fake_node:/home/agatino/turtlebot3_ws/install/turtlebot3_simulations:/opt/ros/foxy /usr/bin/cmake --build /home/agatino/turtlebot3_ws/build/turtlebot3_simulations -- -j8 -l8
[1.011s] Invoked command in '/home/agatino/turtlebot3_ws/build/turtlebot3_simulations' returned '0': CMAKE_PREFIX_PATH=/home/agatino/turtlebot3_ws/install/turtlebot3_gazebo:/home/agatino/turtlebot3_ws/install/turtlebot3_fake_node:/home/agatino/turtlebot3_ws/install/turtlebot3_simulations:/opt/ros/foxy /usr/bin/cmake --build /home/agatino/turtlebot3_ws/build/turtlebot3_simulations -- -j8 -l8
[1.041s] Invoking command in '/home/agatino/turtlebot3_ws/build/turtlebot3_simulations': CMAKE_PREFIX_PATH=/home/agatino/turtlebot3_ws/install/turtlebot3_gazebo:/home/agatino/turtlebot3_ws/install/turtlebot3_fake_node:/home/agatino/turtlebot3_ws/install/turtlebot3_simulations:/opt/ros/foxy /usr/bin/cmake --install /home/agatino/turtlebot3_ws/build/turtlebot3_simulations
[1.055s] -- Install configuration: ""
[1.055s] -- Execute custom install script
[1.056s] -- Symlinking: /home/agatino/turtlebot3_ws/install/turtlebot3_simulations/share/ament_index/resource_index/package_run_dependencies/turtlebot3_simulations
[1.068s] -- Symlinking: /home/agatino/turtlebot3_ws/install/turtlebot3_simulations/share/ament_index/resource_index/parent_prefix_path/turtlebot3_simulations
[1.078s] -- Symlinking: /home/agatino/turtlebot3_ws/install/turtlebot3_simulations/share/turtlebot3_simulations/environment/ament_prefix_path.sh
[1.087s] -- Symlinking: /home/agatino/turtlebot3_ws/install/turtlebot3_simulations/share/turtlebot3_simulations/environment/ament_prefix_path.dsv
[1.096s] -- Symlinking: /home/agatino/turtlebot3_ws/install/turtlebot3_simulations/share/turtlebot3_simulations/environment/path.sh
[1.106s] -- Symlinking: /home/agatino/turtlebot3_ws/install/turtlebot3_simulations/share/turtlebot3_simulations/environment/path.dsv
[1.116s] -- Symlinking: /home/agatino/turtlebot3_ws/install/turtlebot3_simulations/share/turtlebot3_simulations/local_setup.bash
[1.130s] -- Symlinking: /home/agatino/turtlebot3_ws/install/turtlebot3_simulations/share/turtlebot3_simulations/local_setup.sh
[1.140s] -- Symlinking: /home/agatino/turtlebot3_ws/install/turtlebot3_simulations/share/turtlebot3_simulations/local_setup.zsh
[1.149s] -- Symlinking: /home/agatino/turtlebot3_ws/install/turtlebot3_simulations/share/turtlebot3_simulations/local_setup.dsv
[1.159s] -- Symlinking: /home/agatino/turtlebot3_ws/install/turtlebot3_simulations/share/turtlebot3_simulations/package.dsv
[1.169s] -- Symlinking: /home/agatino/turtlebot3_ws/install/turtlebot3_simulations/share/ament_index/resource_index/packages/turtlebot3_simulations
[1.178s] -- Symlinking: /home/agatino/turtlebot3_ws/install/turtlebot3_simulations/share/turtlebot3_simulations/cmake/turtlebot3_simulationsConfig.cmake
[1.187s] -- Symlinking: /home/agatino/turtlebot3_ws/install/turtlebot3_simulations/share/turtlebot3_simulations/cmake/turtlebot3_simulationsConfig-version.cmake
[1.197s] -- Symlinking: /home/agatino/turtlebot3_ws/install/turtlebot3_simulations/share/turtlebot3_simulations/package.xml
[1.209s] Invoked command in '/home/agatino/turtlebot3_ws/build/turtlebot3_simulations' returned '0': CMAKE_PREFIX_PATH=/home/agatino/turtlebot3_ws/install/turtlebot3_gazebo:/home/agatino/turtlebot3_ws/install/turtlebot3_fake_node:/home/agatino/turtlebot3_ws/install/turtlebot3_simulations:/opt/ros/foxy /usr/bin/cmake --install /home/agatino/turtlebot3_ws/build/turtlebot3_simulations
