[0.322s] Invoking command in '/home/agatino/turtlebot3_ws/build/turtlebot3_fake_node': CMAKE_PREFIX_PATH=${CMAKE_PREFIX_PATH}:/opt/ros/foxy /usr/bin/cmake /home/agatino/turtlebot3_ws/src/turtlebot3_simulations/turtlebot3_fake_node -DAMENT_CMAKE_SYMLINK_INSTALL=1 -DCMAKE_INSTALL_PREFIX=/home/agatino/turtlebot3_ws/install/turtlebot3_fake_node
[0.380s] -- The C compiler identification is GNU 9.4.0
[0.436s] -- The CXX compiler identification is GNU 9.4.0
[0.442s] -- Check for working C compiler: /usr/bin/cc
[0.514s] -- Check for working C compiler: /usr/bin/cc -- works
[0.515s] -- Detecting C compiler ABI info
[0.589s] -- Detecting C compiler ABI info - done
[0.601s] -- Detecting C compile features
[0.601s] -- Detecting C compile features - done
[0.604s] -- Check for working CXX compiler: /usr/bin/c++
[0.686s] -- Check for working CXX compiler: /usr/bin/c++ -- works
[0.688s] -- Detecting CXX compiler ABI info
[0.779s] -- Detecting CXX compiler ABI info - done
[0.791s] -- Detecting CXX compile features
[0.792s] -- Detecting CXX compile features - done
[0.794s] -- Found ament_cmake: 0.9.12 (/opt/ros/foxy/share/ament_cmake/cmake)
[0.817s] -- Found PythonInterp: /usr/bin/python3 (found suitable version "3.8.10", minimum required is "3") 
[0.818s] -- Using PYTHON_EXECUTABLE: /usr/bin/python3
[0.995s] -- Override CMake install command with custom implementation using symlinks instead of copying resources
[1.017s] -- Found geometry_msgs: 2.0.5 (/opt/ros/foxy/share/geometry_msgs/cmake)
[1.048s] -- Using all available rosidl_typesupport_c: rosidl_typesupport_fastrtps_c;rosidl_typesupport_introspection_c
[1.055s] -- Found rosidl_adapter: 1.3.1 (/opt/ros/foxy/share/rosidl_adapter/cmake)
[1.134s] -- Found OpenSSL: /usr/lib/x86_64-linux-gnu/libcrypto.so (found version "1.1.1f")  
[1.167s] -- Found FastRTPS: /opt/ros/foxy/include  
[1.249s] -- Using all available rosidl_typesupport_cpp: rosidl_typesupport_fastrtps_cpp;rosidl_typesupport_introspection_cpp
[1.338s] -- Found nav_msgs: 2.0.5 (/opt/ros/foxy/share/nav_msgs/cmake)
[1.412s] -- Found rclcpp: 2.4.3 (/opt/ros/foxy/share/rclcpp/cmake)
[1.459s] -- Found rmw_implementation_cmake: 1.0.4 (/opt/ros/foxy/share/rmw_implementation_cmake/cmake)
[1.460s] -- Using RMW implementation 'rmw_fastrtps_cpp' as default
[1.461s] -- Looking for pthread.h
[1.539s] -- Looking for pthread.h - found
[1.539s] -- Performing Test CMAKE_HAVE_LIBC_PTHREAD
[1.614s] -- Performing Test CMAKE_HAVE_LIBC_PTHREAD - Failed
[1.614s] -- Looking for pthread_create in pthreads
[1.677s] -- Looking for pthread_create in pthreads - not found
[1.678s] -- Looking for pthread_create in pthread
[1.750s] -- Looking for pthread_create in pthread - found
[1.751s] -- Found Threads: TRUE  
[1.892s] -- Found sensor_msgs: 2.0.5 (/opt/ros/foxy/share/sensor_msgs/cmake)
[1.969s] -- Found tf2: 0.13.14 (/opt/ros/foxy/share/tf2/cmake)
[1.980s] -- Found tf2_msgs: 0.13.14 (/opt/ros/foxy/share/tf2_msgs/cmake)
[2.173s] -- Found turtlebot3_msgs: 2.2.1 (/opt/ros/foxy/share/turtlebot3_msgs/cmake)
[2.342s] -- Configuring done
[2.364s] -- Generating done
[2.366s] -- Build files have been written to: /home/agatino/turtlebot3_ws/build/turtlebot3_fake_node
[2.381s] Invoked command in '/home/agatino/turtlebot3_ws/build/turtlebot3_fake_node' returned '0': CMAKE_PREFIX_PATH=${CMAKE_PREFIX_PATH}:/opt/ros/foxy /usr/bin/cmake /home/agatino/turtlebot3_ws/src/turtlebot3_simulations/turtlebot3_fake_node -DAMENT_CMAKE_SYMLINK_INSTALL=1 -DCMAKE_INSTALL_PREFIX=/home/agatino/turtlebot3_ws/install/turtlebot3_fake_node
[2.384s] Invoking command in '/home/agatino/turtlebot3_ws/build/turtlebot3_fake_node': CMAKE_PREFIX_PATH=${CMAKE_PREFIX_PATH}:/opt/ros/foxy /usr/bin/cmake --build /home/agatino/turtlebot3_ws/build/turtlebot3_fake_node -- -j8 -l8
[2.428s] [35m[1mScanning dependencies of target turtlebot3_fake_node[0m
[2.470s] [ 50%] [32mBuilding CXX object CMakeFiles/turtlebot3_fake_node.dir/src/turtlebot3_fake_node.cpp.o[0m
[9.613s] [100%] [32m[1mLinking CXX executable turtlebot3_fake_node[0m
[10.036s] [100%] Built target turtlebot3_fake_node
[10.049s] Invoked command in '/home/agatino/turtlebot3_ws/build/turtlebot3_fake_node' returned '0': CMAKE_PREFIX_PATH=${CMAKE_PREFIX_PATH}:/opt/ros/foxy /usr/bin/cmake --build /home/agatino/turtlebot3_ws/build/turtlebot3_fake_node -- -j8 -l8
[10.091s] Invoking command in '/home/agatino/turtlebot3_ws/build/turtlebot3_fake_node': CMAKE_PREFIX_PATH=${CMAKE_PREFIX_PATH}:/opt/ros/foxy /usr/bin/cmake --install /home/agatino/turtlebot3_ws/build/turtlebot3_fake_node
[10.102s] -- Install configuration: ""
[10.102s] -- Execute custom install script
[10.103s] -- Symlinking: /home/agatino/turtlebot3_ws/install/turtlebot3_fake_node/lib/turtlebot3_fake_node/turtlebot3_fake_node
[10.114s] -- Symlinking: /home/agatino/turtlebot3_ws/install/turtlebot3_fake_node/share/turtlebot3_fake_node/launch/rviz2.launch.py
[10.129s] -- Symlinking: /home/agatino/turtlebot3_ws/install/turtlebot3_fake_node/share/turtlebot3_fake_node/launch/turtlebot3_fake_node.launch.py
[10.140s] -- Symlinking: /home/agatino/turtlebot3_ws/install/turtlebot3_fake_node/share/turtlebot3_fake_node/param/burger.yaml
[10.151s] -- Symlinking: /home/agatino/turtlebot3_ws/install/turtlebot3_fake_node/share/turtlebot3_fake_node/param/waffle.yaml
[10.163s] -- Symlinking: /home/agatino/turtlebot3_ws/install/turtlebot3_fake_node/share/turtlebot3_fake_node/param/waffle_pi.yaml
[10.175s] -- Symlinking: /home/agatino/turtlebot3_ws/install/turtlebot3_fake_node/share/turtlebot3_fake_node/rviz/model.rviz
[10.187s] -- Symlinking: /home/agatino/turtlebot3_ws/install/turtlebot3_fake_node/include//turtlebot3_fake_node/turtlebot3_fake_node.hpp
[10.198s] -- Symlinking: /home/agatino/turtlebot3_ws/install/turtlebot3_fake_node/share/ament_index/resource_index/package_run_dependencies/turtlebot3_fake_node
[10.210s] -- Symlinking: /home/agatino/turtlebot3_ws/install/turtlebot3_fake_node/share/ament_index/resource_index/parent_prefix_path/turtlebot3_fake_node
[10.221s] -- Symlinking: /home/agatino/turtlebot3_ws/install/turtlebot3_fake_node/share/turtlebot3_fake_node/environment/ament_prefix_path.sh
[10.232s] -- Symlinking: /home/agatino/turtlebot3_ws/install/turtlebot3_fake_node/share/turtlebot3_fake_node/environment/ament_prefix_path.dsv
[10.244s] -- Symlinking: /home/agatino/turtlebot3_ws/install/turtlebot3_fake_node/share/turtlebot3_fake_node/environment/path.sh
[10.255s] -- Symlinking: /home/agatino/turtlebot3_ws/install/turtlebot3_fake_node/share/turtlebot3_fake_node/environment/path.dsv
[10.267s] -- Symlinking: /home/agatino/turtlebot3_ws/install/turtlebot3_fake_node/share/turtlebot3_fake_node/local_setup.bash
[10.278s] -- Symlinking: /home/agatino/turtlebot3_ws/install/turtlebot3_fake_node/share/turtlebot3_fake_node/local_setup.sh
[10.290s] -- Symlinking: /home/agatino/turtlebot3_ws/install/turtlebot3_fake_node/share/turtlebot3_fake_node/local_setup.zsh
[10.301s] -- Symlinking: /home/agatino/turtlebot3_ws/install/turtlebot3_fake_node/share/turtlebot3_fake_node/local_setup.dsv
[10.312s] -- Symlinking: /home/agatino/turtlebot3_ws/install/turtlebot3_fake_node/share/turtlebot3_fake_node/package.dsv
[10.323s] -- Symlinking: /home/agatino/turtlebot3_ws/install/turtlebot3_fake_node/share/ament_index/resource_index/packages/turtlebot3_fake_node
[10.334s] -- Symlinking: /home/agatino/turtlebot3_ws/install/turtlebot3_fake_node/share/turtlebot3_fake_node/cmake/ament_cmake_export_include_directories-extras.cmake
[10.345s] -- Symlinking: /home/agatino/turtlebot3_ws/install/turtlebot3_fake_node/share/turtlebot3_fake_node/cmake/ament_cmake_export_dependencies-extras.cmake
[10.356s] -- Symlinking: /home/agatino/turtlebot3_ws/install/turtlebot3_fake_node/share/turtlebot3_fake_node/cmake/turtlebot3_fake_nodeConfig.cmake
[10.367s] -- Symlinking: /home/agatino/turtlebot3_ws/install/turtlebot3_fake_node/share/turtlebot3_fake_node/cmake/turtlebot3_fake_nodeConfig-version.cmake
[10.379s] -- Symlinking: /home/agatino/turtlebot3_ws/install/turtlebot3_fake_node/share/turtlebot3_fake_node/package.xml
[10.393s] Invoked command in '/home/agatino/turtlebot3_ws/build/turtlebot3_fake_node' returned '0': CMAKE_PREFIX_PATH=${CMAKE_PREFIX_PATH}:/opt/ros/foxy /usr/bin/cmake --install /home/agatino/turtlebot3_ws/build/turtlebot3_fake_node
