[2.158s] DEBUG:colcon:Command line arguments: ['/usr/bin/colcon', 'build', '--symlink-install']
[2.158s] DEBUG:colcon:Parsed command line arguments: Namespace(allow_overriding=[], ament_cmake_args=None, base_paths=['.'], build_base='build', catkin_cmake_args=None, catkin_skip_building_tests=False, cmake_args=None, cmake_clean_cache=False, cmake_clean_first=False, cmake_force_configure=False, cmake_target=None, cmake_target_skip_unavailable=False, continue_on_error=False, event_handlers=None, executor='parallel', ignore_user_meta=False, install_base='install', log_base=None, log_level=None, main=<bound method BuildVerb.main of <colcon_core.verb.build.BuildVerb object at 0x7f6e72e8fdf0>>, merge_install=False, metas=['./colcon.meta'], packages_above=None, packages_above_and_dependencies=None, packages_above_depth=None, packages_end=None, packages_ignore=None, packages_ignore_regex=None, packages_select=None, packages_select_build_failed=False, packages_select_by_dep=None, packages_select_regex=None, packages_select_test_failures=False, packages_skip=None, packages_skip_build_finished=False, packages_skip_by_dep=None, packages_skip_regex=None, packages_skip_test_passed=False, packages_skip_up_to=None, packages_start=None, packages_up_to=None, packages_up_to_regex=None, parallel_workers=8, paths=None, symlink_install=True, test_result_base=None, verb_extension=<colcon_core.verb.build.BuildVerb object at 0x7f6e72e8fdf0>, verb_name='build', verb_parser=<colcon_defaults.argument_parser.defaults.DefaultArgumentsDecorator object at 0x7f6e72e8f2e0>)
[2.250s] Level 1:colcon.colcon_core.package_discovery:discover_packages(colcon_meta) check parameters
[2.250s] Level 1:colcon.colcon_core.package_discovery:discover_packages(recursive) check parameters
[2.250s] Level 1:colcon.colcon_core.package_discovery:discover_packages(ignore) check parameters
[2.250s] Level 1:colcon.colcon_core.package_discovery:discover_packages(path) check parameters
[2.250s] Level 1:colcon.colcon_core.package_discovery:discover_packages(colcon_meta) discover
[2.250s] Level 1:colcon.colcon_core.package_discovery:discover_packages(recursive) discover
[2.250s] INFO:colcon.colcon_core.package_discovery:Crawling recursively for packages in '/home/agatino/turtlebot3_ws'
[2.250s] Level 1:colcon.colcon_core.package_identification:_identify(.) by extensions ['ignore', 'ignore_ament_install']
[2.250s] Level 1:colcon.colcon_core.package_identification:_identify(.) by extension 'ignore'
[2.250s] Level 1:colcon.colcon_core.package_identification:_identify(.) by extension 'ignore_ament_install'
[2.250s] Level 1:colcon.colcon_core.package_identification:_identify(.) by extensions ['colcon_pkg']
[2.250s] Level 1:colcon.colcon_core.package_identification:_identify(.) by extension 'colcon_pkg'
[2.250s] Level 1:colcon.colcon_core.package_identification:_identify(.) by extensions ['colcon_meta']
[2.250s] Level 1:colcon.colcon_core.package_identification:_identify(.) by extension 'colcon_meta'
[2.250s] Level 1:colcon.colcon_core.package_identification:_identify(.) by extensions ['ros']
[2.250s] Level 1:colcon.colcon_core.package_identification:_identify(.) by extension 'ros'
[2.260s] Level 1:colcon.colcon_core.package_identification:_identify(.) by extensions ['cmake', 'python']
[2.261s] Level 1:colcon.colcon_core.package_identification:_identify(.) by extension 'cmake'
[2.261s] Level 1:colcon.colcon_core.package_identification:_identify(.) by extension 'python'
[2.261s] Level 1:colcon.colcon_core.package_identification:_identify(.) by extensions ['python_setup_py']
[2.261s] Level 1:colcon.colcon_core.package_identification:_identify(.) by extension 'python_setup_py'
[2.261s] Level 1:colcon.colcon_core.package_identification:_identify(build) by extensions ['ignore', 'ignore_ament_install']
[2.261s] Level 1:colcon.colcon_core.package_identification:_identify(build) by extension 'ignore'
[2.261s] Level 1:colcon.colcon_core.package_identification:_identify(build) ignored
[2.261s] Level 1:colcon.colcon_core.package_identification:_identify(install) by extensions ['ignore', 'ignore_ament_install']
[2.261s] Level 1:colcon.colcon_core.package_identification:_identify(install) by extension 'ignore'
[2.261s] Level 1:colcon.colcon_core.package_identification:_identify(install) ignored
[2.261s] Level 1:colcon.colcon_core.package_identification:_identify(log) by extensions ['ignore', 'ignore_ament_install']
[2.261s] Level 1:colcon.colcon_core.package_identification:_identify(log) by extension 'ignore'
[2.261s] Level 1:colcon.colcon_core.package_identification:_identify(log) ignored
[2.262s] Level 1:colcon.colcon_core.package_identification:_identify(src) by extensions ['ignore', 'ignore_ament_install']
[2.262s] Level 1:colcon.colcon_core.package_identification:_identify(src) by extension 'ignore'
[2.262s] Level 1:colcon.colcon_core.package_identification:_identify(src) by extension 'ignore_ament_install'
[2.262s] Level 1:colcon.colcon_core.package_identification:_identify(src) by extensions ['colcon_pkg']
[2.262s] Level 1:colcon.colcon_core.package_identification:_identify(src) by extension 'colcon_pkg'
[2.262s] Level 1:colcon.colcon_core.package_identification:_identify(src) by extensions ['colcon_meta']
[2.262s] Level 1:colcon.colcon_core.package_identification:_identify(src) by extension 'colcon_meta'
[2.262s] Level 1:colcon.colcon_core.package_identification:_identify(src) by extensions ['ros']
[2.262s] Level 1:colcon.colcon_core.package_identification:_identify(src) by extension 'ros'
[2.262s] Level 1:colcon.colcon_core.package_identification:_identify(src) by extensions ['cmake', 'python']
[2.262s] Level 1:colcon.colcon_core.package_identification:_identify(src) by extension 'cmake'
[2.262s] Level 1:colcon.colcon_core.package_identification:_identify(src) by extension 'python'
[2.262s] Level 1:colcon.colcon_core.package_identification:_identify(src) by extensions ['python_setup_py']
[2.262s] Level 1:colcon.colcon_core.package_identification:_identify(src) by extension 'python_setup_py'
[2.262s] Level 1:colcon.colcon_core.package_identification:_identify(src/turtlebot3_simulations) by extensions ['ignore', 'ignore_ament_install']
[2.262s] Level 1:colcon.colcon_core.package_identification:_identify(src/turtlebot3_simulations) by extension 'ignore'
[2.262s] Level 1:colcon.colcon_core.package_identification:_identify(src/turtlebot3_simulations) by extension 'ignore_ament_install'
[2.262s] Level 1:colcon.colcon_core.package_identification:_identify(src/turtlebot3_simulations) by extensions ['colcon_pkg']
[2.262s] Level 1:colcon.colcon_core.package_identification:_identify(src/turtlebot3_simulations) by extension 'colcon_pkg'
[2.263s] Level 1:colcon.colcon_core.package_identification:_identify(src/turtlebot3_simulations) by extensions ['colcon_meta']
[2.263s] Level 1:colcon.colcon_core.package_identification:_identify(src/turtlebot3_simulations) by extension 'colcon_meta'
[2.263s] Level 1:colcon.colcon_core.package_identification:_identify(src/turtlebot3_simulations) by extensions ['ros']
[2.263s] Level 1:colcon.colcon_core.package_identification:_identify(src/turtlebot3_simulations) by extension 'ros'
[2.263s] Level 1:colcon.colcon_core.package_identification:_identify(src/turtlebot3_simulations) by extensions ['cmake', 'python']
[2.263s] Level 1:colcon.colcon_core.package_identification:_identify(src/turtlebot3_simulations) by extension 'cmake'
[2.263s] Level 1:colcon.colcon_core.package_identification:_identify(src/turtlebot3_simulations) by extension 'python'
[2.263s] Level 1:colcon.colcon_core.package_identification:_identify(src/turtlebot3_simulations) by extensions ['python_setup_py']
[2.263s] Level 1:colcon.colcon_core.package_identification:_identify(src/turtlebot3_simulations) by extension 'python_setup_py'
[2.263s] Level 1:colcon.colcon_core.package_identification:_identify(src/turtlebot3_simulations/turtlebot3_fake_node) by extensions ['ignore', 'ignore_ament_install']
[2.263s] Level 1:colcon.colcon_core.package_identification:_identify(src/turtlebot3_simulations/turtlebot3_fake_node) by extension 'ignore'
[2.263s] Level 1:colcon.colcon_core.package_identification:_identify(src/turtlebot3_simulations/turtlebot3_fake_node) by extension 'ignore_ament_install'
[2.263s] Level 1:colcon.colcon_core.package_identification:_identify(src/turtlebot3_simulations/turtlebot3_fake_node) by extensions ['colcon_pkg']
[2.263s] Level 1:colcon.colcon_core.package_identification:_identify(src/turtlebot3_simulations/turtlebot3_fake_node) by extension 'colcon_pkg'
[2.263s] Level 1:colcon.colcon_core.package_identification:_identify(src/turtlebot3_simulations/turtlebot3_fake_node) by extensions ['colcon_meta']
[2.263s] Level 1:colcon.colcon_core.package_identification:_identify(src/turtlebot3_simulations/turtlebot3_fake_node) by extension 'colcon_meta'
[2.263s] Level 1:colcon.colcon_core.package_identification:_identify(src/turtlebot3_simulations/turtlebot3_fake_node) by extensions ['ros']
[2.263s] Level 1:colcon.colcon_core.package_identification:_identify(src/turtlebot3_simulations/turtlebot3_fake_node) by extension 'ros'
[2.268s] DEBUG:colcon.colcon_core.package_identification:Package 'src/turtlebot3_simulations/turtlebot3_fake_node' with type 'ros.ament_cmake' and name 'turtlebot3_fake_node'
[2.268s] Level 1:colcon.colcon_core.package_identification:_identify(src/turtlebot3_simulations/turtlebot3_gazebo) by extensions ['ignore', 'ignore_ament_install']
[2.268s] Level 1:colcon.colcon_core.package_identification:_identify(src/turtlebot3_simulations/turtlebot3_gazebo) by extension 'ignore'
[2.268s] Level 1:colcon.colcon_core.package_identification:_identify(src/turtlebot3_simulations/turtlebot3_gazebo) by extension 'ignore_ament_install'
[2.268s] Level 1:colcon.colcon_core.package_identification:_identify(src/turtlebot3_simulations/turtlebot3_gazebo) by extensions ['colcon_pkg']
[2.268s] Level 1:colcon.colcon_core.package_identification:_identify(src/turtlebot3_simulations/turtlebot3_gazebo) by extension 'colcon_pkg'
[2.268s] Level 1:colcon.colcon_core.package_identification:_identify(src/turtlebot3_simulations/turtlebot3_gazebo) by extensions ['colcon_meta']
[2.268s] Level 1:colcon.colcon_core.package_identification:_identify(src/turtlebot3_simulations/turtlebot3_gazebo) by extension 'colcon_meta'
[2.269s] Level 1:colcon.colcon_core.package_identification:_identify(src/turtlebot3_simulations/turtlebot3_gazebo) by extensions ['ros']
[2.269s] Level 1:colcon.colcon_core.package_identification:_identify(src/turtlebot3_simulations/turtlebot3_gazebo) by extension 'ros'
[2.270s] DEBUG:colcon.colcon_core.package_identification:Package 'src/turtlebot3_simulations/turtlebot3_gazebo' with type 'ros.ament_cmake' and name 'turtlebot3_gazebo'
[2.270s] Level 1:colcon.colcon_core.package_identification:_identify(src/turtlebot3_simulations/turtlebot3_simulations) by extensions ['ignore', 'ignore_ament_install']
[2.270s] Level 1:colcon.colcon_core.package_identification:_identify(src/turtlebot3_simulations/turtlebot3_simulations) by extension 'ignore'
[2.270s] Level 1:colcon.colcon_core.package_identification:_identify(src/turtlebot3_simulations/turtlebot3_simulations) by extension 'ignore_ament_install'
[2.270s] Level 1:colcon.colcon_core.package_identification:_identify(src/turtlebot3_simulations/turtlebot3_simulations) by extensions ['colcon_pkg']
[2.270s] Level 1:colcon.colcon_core.package_identification:_identify(src/turtlebot3_simulations/turtlebot3_simulations) by extension 'colcon_pkg'
[2.270s] Level 1:colcon.colcon_core.package_identification:_identify(src/turtlebot3_simulations/turtlebot3_simulations) by extensions ['colcon_meta']
[2.270s] Level 1:colcon.colcon_core.package_identification:_identify(src/turtlebot3_simulations/turtlebot3_simulations) by extension 'colcon_meta'
[2.271s] Level 1:colcon.colcon_core.package_identification:_identify(src/turtlebot3_simulations/turtlebot3_simulations) by extensions ['ros']
[2.271s] Level 1:colcon.colcon_core.package_identification:_identify(src/turtlebot3_simulations/turtlebot3_simulations) by extension 'ros'
[2.272s] DEBUG:colcon.colcon_core.package_identification:Package 'src/turtlebot3_simulations/turtlebot3_simulations' with type 'ros.ament_cmake' and name 'turtlebot3_simulations'
[2.272s] Level 1:colcon.colcon_core.package_discovery:discover_packages(recursive) using defaults
[2.272s] Level 1:colcon.colcon_core.package_discovery:discover_packages(ignore) discover
[2.272s] Level 1:colcon.colcon_core.package_discovery:discover_packages(ignore) using defaults
[2.272s] Level 1:colcon.colcon_core.package_discovery:discover_packages(path) discover
[2.272s] Level 1:colcon.colcon_core.package_discovery:discover_packages(path) using defaults
[2.482s] Level 1:colcon.colcon_core.package_discovery:discover_packages(prefix_path) check parameters
[2.482s] Level 1:colcon.colcon_core.package_discovery:discover_packages(prefix_path) discover
[2.519s] WARNING:colcon.colcon_ros.prefix_path.ament:The path '/home/agatino/turtlebot3_ws/install/turtlebot3_simulations' in the environment variable AMENT_PREFIX_PATH doesn't exist
[2.519s] WARNING:colcon.colcon_ros.prefix_path.ament:The path '/home/agatino/turtlebot3_ws/install/turtlebot3_gazebo' in the environment variable AMENT_PREFIX_PATH doesn't exist
[2.519s] WARNING:colcon.colcon_ros.prefix_path.ament:The path '/home/agatino/turtlebot3_ws/install/turtlebot3_fake_node' in the environment variable AMENT_PREFIX_PATH doesn't exist
[2.519s] WARNING:colcon.colcon_ros.prefix_path.catkin:The path '/home/agatino/turtlebot3_ws/install/turtlebot3_simulations' in the environment variable CMAKE_PREFIX_PATH doesn't exist
[2.520s] WARNING:colcon.colcon_ros.prefix_path.catkin:The path '/home/agatino/turtlebot3_ws/install/turtlebot3_gazebo' in the environment variable CMAKE_PREFIX_PATH doesn't exist
[2.520s] WARNING:colcon.colcon_ros.prefix_path.catkin:The path '/home/agatino/turtlebot3_ws/install/turtlebot3_fake_node' in the environment variable CMAKE_PREFIX_PATH doesn't exist
[2.557s] DEBUG:colcon.colcon_installed_package_information.package_discovery:Found 0 installed packages in /home/agatino/turtlebot3_ws/install
[2.596s] DEBUG:colcon.colcon_installed_package_information.package_discovery:Found 334 installed packages in /opt/ros/foxy
[2.597s] Level 1:colcon.colcon_core.package_discovery:discover_packages(prefix_path) using defaults
[2.749s] Level 5:colcon.colcon_core.verb:set package 'turtlebot3_fake_node' build argument 'cmake_args' from command line to 'None'
[2.749s] Level 5:colcon.colcon_core.verb:set package 'turtlebot3_fake_node' build argument 'cmake_target' from command line to 'None'
[2.749s] Level 5:colcon.colcon_core.verb:set package 'turtlebot3_fake_node' build argument 'cmake_target_skip_unavailable' from command line to 'False'
[2.749s] Level 5:colcon.colcon_core.verb:set package 'turtlebot3_fake_node' build argument 'cmake_clean_cache' from command line to 'False'
[2.749s] Level 5:colcon.colcon_core.verb:set package 'turtlebot3_fake_node' build argument 'cmake_clean_first' from command line to 'False'
[2.749s] Level 5:colcon.colcon_core.verb:set package 'turtlebot3_fake_node' build argument 'cmake_force_configure' from command line to 'False'
[2.749s] Level 5:colcon.colcon_core.verb:set package 'turtlebot3_fake_node' build argument 'ament_cmake_args' from command line to 'None'
[2.749s] Level 5:colcon.colcon_core.verb:set package 'turtlebot3_fake_node' build argument 'catkin_cmake_args' from command line to 'None'
[2.749s] Level 5:colcon.colcon_core.verb:set package 'turtlebot3_fake_node' build argument 'catkin_skip_building_tests' from command line to 'False'
[2.749s] DEBUG:colcon.colcon_core.verb:Building package 'turtlebot3_fake_node' with the following arguments: {'ament_cmake_args': None, 'build_base': '/home/agatino/turtlebot3_ws/build/turtlebot3_fake_node', 'catkin_cmake_args': None, 'catkin_skip_building_tests': False, 'cmake_args': None, 'cmake_clean_cache': False, 'cmake_clean_first': False, 'cmake_force_configure': False, 'cmake_target': None, 'cmake_target_skip_unavailable': False, 'install_base': '/home/agatino/turtlebot3_ws/install/turtlebot3_fake_node', 'merge_install': False, 'path': '/home/agatino/turtlebot3_ws/src/turtlebot3_simulations/turtlebot3_fake_node', 'symlink_install': True, 'test_result_base': None}
[2.785s] Level 5:colcon.colcon_core.verb:set package 'turtlebot3_gazebo' build argument 'cmake_args' from command line to 'None'
[2.786s] Level 5:colcon.colcon_core.verb:set package 'turtlebot3_gazebo' build argument 'cmake_target' from command line to 'None'
[2.786s] Level 5:colcon.colcon_core.verb:set package 'turtlebot3_gazebo' build argument 'cmake_target_skip_unavailable' from command line to 'False'
[2.786s] Level 5:colcon.colcon_core.verb:set package 'turtlebot3_gazebo' build argument 'cmake_clean_cache' from command line to 'False'
[2.786s] Level 5:colcon.colcon_core.verb:set package 'turtlebot3_gazebo' build argument 'cmake_clean_first' from command line to 'False'
[2.786s] Level 5:colcon.colcon_core.verb:set package 'turtlebot3_gazebo' build argument 'cmake_force_configure' from command line to 'False'
[2.786s] Level 5:colcon.colcon_core.verb:set package 'turtlebot3_gazebo' build argument 'ament_cmake_args' from command line to 'None'
[2.786s] Level 5:colcon.colcon_core.verb:set package 'turtlebot3_gazebo' build argument 'catkin_cmake_args' from command line to 'None'
[2.786s] Level 5:colcon.colcon_core.verb:set package 'turtlebot3_gazebo' build argument 'catkin_skip_building_tests' from command line to 'False'
[2.786s] DEBUG:colcon.colcon_core.verb:Building package 'turtlebot3_gazebo' with the following arguments: {'ament_cmake_args': None, 'build_base': '/home/agatino/turtlebot3_ws/build/turtlebot3_gazebo', 'catkin_cmake_args': None, 'catkin_skip_building_tests': False, 'cmake_args': None, 'cmake_clean_cache': False, 'cmake_clean_first': False, 'cmake_force_configure': False, 'cmake_target': None, 'cmake_target_skip_unavailable': False, 'install_base': '/home/agatino/turtlebot3_ws/install/turtlebot3_gazebo', 'merge_install': False, 'path': '/home/agatino/turtlebot3_ws/src/turtlebot3_simulations/turtlebot3_gazebo', 'symlink_install': True, 'test_result_base': None}
[2.822s] Level 5:colcon.colcon_core.verb:set package 'turtlebot3_simulations' build argument 'cmake_args' from command line to 'None'
[2.822s] Level 5:colcon.colcon_core.verb:set package 'turtlebot3_simulations' build argument 'cmake_target' from command line to 'None'
[2.822s] Level 5:colcon.colcon_core.verb:set package 'turtlebot3_simulations' build argument 'cmake_target_skip_unavailable' from command line to 'False'
[2.822s] Level 5:colcon.colcon_core.verb:set package 'turtlebot3_simulations' build argument 'cmake_clean_cache' from command line to 'False'
[2.822s] Level 5:colcon.colcon_core.verb:set package 'turtlebot3_simulations' build argument 'cmake_clean_first' from command line to 'False'
[2.822s] Level 5:colcon.colcon_core.verb:set package 'turtlebot3_simulations' build argument 'cmake_force_configure' from command line to 'False'
[2.822s] Level 5:colcon.colcon_core.verb:set package 'turtlebot3_simulations' build argument 'ament_cmake_args' from command line to 'None'
[2.822s] Level 5:colcon.colcon_core.verb:set package 'turtlebot3_simulations' build argument 'catkin_cmake_args' from command line to 'None'
[2.822s] Level 5:colcon.colcon_core.verb:set package 'turtlebot3_simulations' build argument 'catkin_skip_building_tests' from command line to 'False'
[2.822s] DEBUG:colcon.colcon_core.verb:Building package 'turtlebot3_simulations' with the following arguments: {'ament_cmake_args': None, 'build_base': '/home/agatino/turtlebot3_ws/build/turtlebot3_simulations', 'catkin_cmake_args': None, 'catkin_skip_building_tests': False, 'cmake_args': None, 'cmake_clean_cache': False, 'cmake_clean_first': False, 'cmake_force_configure': False, 'cmake_target': None, 'cmake_target_skip_unavailable': False, 'install_base': '/home/agatino/turtlebot3_ws/install/turtlebot3_simulations', 'merge_install': False, 'path': '/home/agatino/turtlebot3_ws/src/turtlebot3_simulations/turtlebot3_simulations', 'symlink_install': True, 'test_result_base': None}
[2.872s] INFO:colcon.colcon_core.executor:Executing jobs using 'parallel' executor
[2.909s] DEBUG:colcon.colcon_parallel_executor.executor.parallel:run_until_complete
[2.909s] INFO:colcon.colcon_ros.task.ament_cmake.build:Building ROS package in '/home/agatino/turtlebot3_ws/src/turtlebot3_simulations/turtlebot3_fake_node' with build type 'ament_cmake'
[2.909s] INFO:colcon.colcon_cmake.task.cmake.build:Building CMake package in '/home/agatino/turtlebot3_ws/src/turtlebot3_simulations/turtlebot3_fake_node'
[2.948s] INFO:colcon.colcon_core.plugin_system:Skipping extension 'colcon_core.shell.bat': Not used on non-Windows systems
[2.949s] INFO:colcon.colcon_core.shell:Skip shell extension 'powershell' for command environment: Not usable outside of PowerShell
[2.949s] DEBUG:colcon.colcon_core.shell:Skip shell extension 'dsv' for command environment
[3.068s] INFO:colcon.colcon_ros.task.ament_cmake.build:Building ROS package in '/home/agatino/turtlebot3_ws/src/turtlebot3_simulations/turtlebot3_gazebo' with build type 'ament_cmake'
[3.068s] INFO:colcon.colcon_cmake.task.cmake.build:Building CMake package in '/home/agatino/turtlebot3_ws/src/turtlebot3_simulations/turtlebot3_gazebo'
[3.107s] INFO:colcon.colcon_core.shell:Skip shell extension 'powershell' for command environment: Not usable outside of PowerShell
[3.108s] DEBUG:colcon.colcon_core.shell:Skip shell extension 'dsv' for command environment
[3.232s] DEBUG:colcon.colcon_core.event_handler.log_command:Invoking command in '/home/agatino/turtlebot3_ws/build/turtlebot3_fake_node': CMAKE_PREFIX_PATH=${CMAKE_PREFIX_PATH}:/opt/ros/foxy /usr/bin/cmake /home/agatino/turtlebot3_ws/src/turtlebot3_simulations/turtlebot3_fake_node -DAMENT_CMAKE_SYMLINK_INSTALL=1 -DCMAKE_INSTALL_PREFIX=/home/agatino/turtlebot3_ws/install/turtlebot3_fake_node
[3.238s] DEBUG:colcon.colcon_core.event_handler.log_command:Invoking command in '/home/agatino/turtlebot3_ws/build/turtlebot3_gazebo': CMAKE_PREFIX_PATH=${CMAKE_PREFIX_PATH}:/opt/ros/foxy /usr/bin/cmake /home/agatino/turtlebot3_ws/src/turtlebot3_simulations/turtlebot3_gazebo -DAMENT_CMAKE_SYMLINK_INSTALL=1 -DCMAKE_INSTALL_PREFIX=/home/agatino/turtlebot3_ws/install/turtlebot3_gazebo
[5.290s] DEBUG:colcon.colcon_core.event_handler.log_command:Invoked command in '/home/agatino/turtlebot3_ws/build/turtlebot3_fake_node' returned '0': CMAKE_PREFIX_PATH=${CMAKE_PREFIX_PATH}:/opt/ros/foxy /usr/bin/cmake /home/agatino/turtlebot3_ws/src/turtlebot3_simulations/turtlebot3_fake_node -DAMENT_CMAKE_SYMLINK_INSTALL=1 -DCMAKE_INSTALL_PREFIX=/home/agatino/turtlebot3_ws/install/turtlebot3_fake_node
[5.294s] DEBUG:colcon.colcon_core.event_handler.log_command:Invoking command in '/home/agatino/turtlebot3_ws/build/turtlebot3_fake_node': CMAKE_PREFIX_PATH=${CMAKE_PREFIX_PATH}:/opt/ros/foxy /usr/bin/cmake --build /home/agatino/turtlebot3_ws/build/turtlebot3_fake_node -- -j8 -l8
[6.056s] DEBUG:colcon.colcon_core.event_handler.log_command:Invoked command in '/home/agatino/turtlebot3_ws/build/turtlebot3_gazebo' returned '0': CMAKE_PREFIX_PATH=${CMAKE_PREFIX_PATH}:/opt/ros/foxy /usr/bin/cmake /home/agatino/turtlebot3_ws/src/turtlebot3_simulations/turtlebot3_gazebo -DAMENT_CMAKE_SYMLINK_INSTALL=1 -DCMAKE_INSTALL_PREFIX=/home/agatino/turtlebot3_ws/install/turtlebot3_gazebo
[6.058s] DEBUG:colcon.colcon_core.event_handler.log_command:Invoking command in '/home/agatino/turtlebot3_ws/build/turtlebot3_gazebo': CMAKE_PREFIX_PATH=${CMAKE_PREFIX_PATH}:/opt/ros/foxy /usr/bin/cmake --build /home/agatino/turtlebot3_ws/build/turtlebot3_gazebo -- -j8 -l8
[12.959s] DEBUG:colcon.colcon_core.event_handler.log_command:Invoked command in '/home/agatino/turtlebot3_ws/build/turtlebot3_fake_node' returned '0': CMAKE_PREFIX_PATH=${CMAKE_PREFIX_PATH}:/opt/ros/foxy /usr/bin/cmake --build /home/agatino/turtlebot3_ws/build/turtlebot3_fake_node -- -j8 -l8
[13.001s] DEBUG:colcon.colcon_core.event_handler.log_command:Invoking command in '/home/agatino/turtlebot3_ws/build/turtlebot3_fake_node': CMAKE_PREFIX_PATH=${CMAKE_PREFIX_PATH}:/opt/ros/foxy /usr/bin/cmake --install /home/agatino/turtlebot3_ws/build/turtlebot3_fake_node
[13.302s] Level 1:colcon.colcon_core.environment:create_environment_scripts_only(turtlebot3_fake_node)
[13.303s] DEBUG:colcon.colcon_core.event_handler.log_command:Invoked command in '/home/agatino/turtlebot3_ws/build/turtlebot3_fake_node' returned '0': CMAKE_PREFIX_PATH=${CMAKE_PREFIX_PATH}:/opt/ros/foxy /usr/bin/cmake --install /home/agatino/turtlebot3_ws/build/turtlebot3_fake_node
[13.380s] Level 1:colcon.colcon_core.environment:checking '/home/agatino/turtlebot3_ws/install/turtlebot3_fake_node' for CMake module files
[13.381s] Level 1:colcon.colcon_core.environment:checking '/home/agatino/turtlebot3_ws/install/turtlebot3_fake_node' for CMake config files
[13.382s] Level 1:colcon.colcon_core.shell:create_environment_hook('turtlebot3_fake_node', 'cmake_prefix_path')
[13.456s] INFO:colcon.colcon_core.shell:Creating environment hook '/home/agatino/turtlebot3_ws/install/turtlebot3_fake_node/share/turtlebot3_fake_node/hook/cmake_prefix_path.ps1'
[13.457s] INFO:colcon.colcon_core.shell:Creating environment descriptor '/home/agatino/turtlebot3_ws/install/turtlebot3_fake_node/share/turtlebot3_fake_node/hook/cmake_prefix_path.dsv'
[13.457s] INFO:colcon.colcon_core.shell:Creating environment hook '/home/agatino/turtlebot3_ws/install/turtlebot3_fake_node/share/turtlebot3_fake_node/hook/cmake_prefix_path.sh'
[13.459s] Level 1:colcon.colcon_core.environment:checking '/home/agatino/turtlebot3_ws/install/turtlebot3_fake_node/lib'
[13.459s] Level 1:colcon.colcon_core.environment:checking '/home/agatino/turtlebot3_ws/install/turtlebot3_fake_node/bin'
[13.459s] Level 1:colcon.colcon_core.environment:checking '/home/agatino/turtlebot3_ws/install/turtlebot3_fake_node/lib/pkgconfig/turtlebot3_fake_node.pc'
[13.460s] Level 1:colcon.colcon_core.environment:checking '/home/agatino/turtlebot3_ws/install/turtlebot3_fake_node/lib/python3.8/site-packages'
[13.460s] Level 1:colcon.colcon_core.environment:checking '/home/agatino/turtlebot3_ws/install/turtlebot3_fake_node/bin'
[13.535s] INFO:colcon.colcon_core.shell:Creating package script '/home/agatino/turtlebot3_ws/install/turtlebot3_fake_node/share/turtlebot3_fake_node/package.ps1'
[13.536s] INFO:colcon.colcon_core.shell:Creating package descriptor '/home/agatino/turtlebot3_ws/install/turtlebot3_fake_node/share/turtlebot3_fake_node/package.dsv'
[13.537s] INFO:colcon.colcon_core.shell:Creating package script '/home/agatino/turtlebot3_ws/install/turtlebot3_fake_node/share/turtlebot3_fake_node/package.sh'
[13.538s] INFO:colcon.colcon_core.shell:Creating package script '/home/agatino/turtlebot3_ws/install/turtlebot3_fake_node/share/turtlebot3_fake_node/package.bash'
[13.539s] INFO:colcon.colcon_core.shell:Creating package script '/home/agatino/turtlebot3_ws/install/turtlebot3_fake_node/share/turtlebot3_fake_node/package.zsh'
[13.540s] Level 1:colcon.colcon_core.environment:create_file_with_runtime_dependencies(/home/agatino/turtlebot3_ws/install/turtlebot3_fake_node/share/colcon-core/packages/turtlebot3_fake_node)
[13.612s] Level 1:colcon.colcon_core.environment:create_environment_scripts_only(turtlebot3_fake_node)
[13.655s] Level 1:colcon.colcon_core.environment:checking '/home/agatino/turtlebot3_ws/install/turtlebot3_fake_node' for CMake module files
[13.656s] Level 1:colcon.colcon_core.environment:checking '/home/agatino/turtlebot3_ws/install/turtlebot3_fake_node' for CMake config files
[13.656s] Level 1:colcon.colcon_core.shell:create_environment_hook('turtlebot3_fake_node', 'cmake_prefix_path')
[13.700s] INFO:colcon.colcon_core.shell:Creating environment hook '/home/agatino/turtlebot3_ws/install/turtlebot3_fake_node/share/turtlebot3_fake_node/hook/cmake_prefix_path.ps1'
[13.700s] INFO:colcon.colcon_core.shell:Creating environment descriptor '/home/agatino/turtlebot3_ws/install/turtlebot3_fake_node/share/turtlebot3_fake_node/hook/cmake_prefix_path.dsv'
[13.701s] INFO:colcon.colcon_core.shell:Creating environment hook '/home/agatino/turtlebot3_ws/install/turtlebot3_fake_node/share/turtlebot3_fake_node/hook/cmake_prefix_path.sh'
[13.701s] Level 1:colcon.colcon_core.environment:checking '/home/agatino/turtlebot3_ws/install/turtlebot3_fake_node/lib'
[13.701s] Level 1:colcon.colcon_core.environment:checking '/home/agatino/turtlebot3_ws/install/turtlebot3_fake_node/bin'
[13.701s] Level 1:colcon.colcon_core.environment:checking '/home/agatino/turtlebot3_ws/install/turtlebot3_fake_node/lib/pkgconfig/turtlebot3_fake_node.pc'
[13.702s] Level 1:colcon.colcon_core.environment:checking '/home/agatino/turtlebot3_ws/install/turtlebot3_fake_node/lib/python3.8/site-packages'
[13.702s] Level 1:colcon.colcon_core.environment:checking '/home/agatino/turtlebot3_ws/install/turtlebot3_fake_node/bin'
[13.743s] INFO:colcon.colcon_core.shell:Creating package script '/home/agatino/turtlebot3_ws/install/turtlebot3_fake_node/share/turtlebot3_fake_node/package.ps1'
[13.744s] INFO:colcon.colcon_core.shell:Creating package descriptor '/home/agatino/turtlebot3_ws/install/turtlebot3_fake_node/share/turtlebot3_fake_node/package.dsv'
[13.745s] INFO:colcon.colcon_core.shell:Creating package script '/home/agatino/turtlebot3_ws/install/turtlebot3_fake_node/share/turtlebot3_fake_node/package.sh'
[13.745s] INFO:colcon.colcon_core.shell:Creating package script '/home/agatino/turtlebot3_ws/install/turtlebot3_fake_node/share/turtlebot3_fake_node/package.bash'
[13.746s] INFO:colcon.colcon_core.shell:Creating package script '/home/agatino/turtlebot3_ws/install/turtlebot3_fake_node/share/turtlebot3_fake_node/package.zsh'
[13.746s] Level 1:colcon.colcon_core.environment:create_file_with_runtime_dependencies(/home/agatino/turtlebot3_ws/install/turtlebot3_fake_node/share/colcon-core/packages/turtlebot3_fake_node)
[18.816s] DEBUG:colcon.colcon_core.event_handler.log_command:Invoked command in '/home/agatino/turtlebot3_ws/build/turtlebot3_gazebo' returned '0': CMAKE_PREFIX_PATH=${CMAKE_PREFIX_PATH}:/opt/ros/foxy /usr/bin/cmake --build /home/agatino/turtlebot3_ws/build/turtlebot3_gazebo -- -j8 -l8
[18.853s] DEBUG:colcon.colcon_core.event_handler.log_command:Invoking command in '/home/agatino/turtlebot3_ws/build/turtlebot3_gazebo': CMAKE_PREFIX_PATH=${CMAKE_PREFIX_PATH}:/opt/ros/foxy /usr/bin/cmake --install /home/agatino/turtlebot3_ws/build/turtlebot3_gazebo
[20.313s] Level 1:colcon.colcon_core.environment:create_environment_scripts_only(turtlebot3_gazebo)
[20.313s] DEBUG:colcon.colcon_core.event_handler.log_command:Invoked command in '/home/agatino/turtlebot3_ws/build/turtlebot3_gazebo' returned '0': CMAKE_PREFIX_PATH=${CMAKE_PREFIX_PATH}:/opt/ros/foxy /usr/bin/cmake --install /home/agatino/turtlebot3_ws/build/turtlebot3_gazebo
[20.355s] Level 1:colcon.colcon_core.environment:checking '/home/agatino/turtlebot3_ws/install/turtlebot3_gazebo' for CMake module files
[20.356s] Level 1:colcon.colcon_core.environment:checking '/home/agatino/turtlebot3_ws/install/turtlebot3_gazebo' for CMake config files
[20.357s] Level 1:colcon.colcon_core.shell:create_environment_hook('turtlebot3_gazebo', 'cmake_prefix_path')
[20.399s] INFO:colcon.colcon_core.shell:Creating environment hook '/home/agatino/turtlebot3_ws/install/turtlebot3_gazebo/share/turtlebot3_gazebo/hook/cmake_prefix_path.ps1'
[20.399s] INFO:colcon.colcon_core.shell:Creating environment descriptor '/home/agatino/turtlebot3_ws/install/turtlebot3_gazebo/share/turtlebot3_gazebo/hook/cmake_prefix_path.dsv'
[20.400s] INFO:colcon.colcon_core.shell:Creating environment hook '/home/agatino/turtlebot3_ws/install/turtlebot3_gazebo/share/turtlebot3_gazebo/hook/cmake_prefix_path.sh'
[20.400s] Level 1:colcon.colcon_core.environment:checking '/home/agatino/turtlebot3_ws/install/turtlebot3_gazebo/lib'
[20.400s] Level 1:colcon.colcon_core.environment:checking '/home/agatino/turtlebot3_ws/install/turtlebot3_gazebo/bin'
[20.400s] Level 1:colcon.colcon_core.environment:checking '/home/agatino/turtlebot3_ws/install/turtlebot3_gazebo/lib/pkgconfig/turtlebot3_gazebo.pc'
[20.401s] Level 1:colcon.colcon_core.environment:checking '/home/agatino/turtlebot3_ws/install/turtlebot3_gazebo/lib/python3.8/site-packages'
[20.401s] Level 1:colcon.colcon_core.environment:checking '/home/agatino/turtlebot3_ws/install/turtlebot3_gazebo/bin'
[20.439s] INFO:colcon.colcon_core.shell:Creating package script '/home/agatino/turtlebot3_ws/install/turtlebot3_gazebo/share/turtlebot3_gazebo/package.ps1'
[20.439s] INFO:colcon.colcon_core.shell:Creating package descriptor '/home/agatino/turtlebot3_ws/install/turtlebot3_gazebo/share/turtlebot3_gazebo/package.dsv'
[20.439s] INFO:colcon.colcon_core.shell:Creating package script '/home/agatino/turtlebot3_ws/install/turtlebot3_gazebo/share/turtlebot3_gazebo/package.sh'
[20.440s] INFO:colcon.colcon_core.shell:Creating package script '/home/agatino/turtlebot3_ws/install/turtlebot3_gazebo/share/turtlebot3_gazebo/package.bash'
[20.440s] INFO:colcon.colcon_core.shell:Creating package script '/home/agatino/turtlebot3_ws/install/turtlebot3_gazebo/share/turtlebot3_gazebo/package.zsh'
[20.440s] Level 1:colcon.colcon_core.environment:create_file_with_runtime_dependencies(/home/agatino/turtlebot3_ws/install/turtlebot3_gazebo/share/colcon-core/packages/turtlebot3_gazebo)
[20.516s] Level 1:colcon.colcon_core.environment:create_environment_scripts_only(turtlebot3_gazebo)
[20.553s] Level 1:colcon.colcon_core.environment:checking '/home/agatino/turtlebot3_ws/install/turtlebot3_gazebo' for CMake module files
[20.554s] Level 1:colcon.colcon_core.environment:checking '/home/agatino/turtlebot3_ws/install/turtlebot3_gazebo' for CMake config files
[20.555s] Level 1:colcon.colcon_core.shell:create_environment_hook('turtlebot3_gazebo', 'cmake_prefix_path')
[20.594s] INFO:colcon.colcon_core.shell:Creating environment hook '/home/agatino/turtlebot3_ws/install/turtlebot3_gazebo/share/turtlebot3_gazebo/hook/cmake_prefix_path.ps1'
[20.594s] INFO:colcon.colcon_core.shell:Creating environment descriptor '/home/agatino/turtlebot3_ws/install/turtlebot3_gazebo/share/turtlebot3_gazebo/hook/cmake_prefix_path.dsv'
[20.594s] INFO:colcon.colcon_core.shell:Creating environment hook '/home/agatino/turtlebot3_ws/install/turtlebot3_gazebo/share/turtlebot3_gazebo/hook/cmake_prefix_path.sh'
[20.595s] Level 1:colcon.colcon_core.environment:checking '/home/agatino/turtlebot3_ws/install/turtlebot3_gazebo/lib'
[20.595s] Level 1:colcon.colcon_core.environment:checking '/home/agatino/turtlebot3_ws/install/turtlebot3_gazebo/bin'
[20.595s] Level 1:colcon.colcon_core.environment:checking '/home/agatino/turtlebot3_ws/install/turtlebot3_gazebo/lib/pkgconfig/turtlebot3_gazebo.pc'
[20.596s] Level 1:colcon.colcon_core.environment:checking '/home/agatino/turtlebot3_ws/install/turtlebot3_gazebo/lib/python3.8/site-packages'
[20.596s] Level 1:colcon.colcon_core.environment:checking '/home/agatino/turtlebot3_ws/install/turtlebot3_gazebo/bin'
[20.633s] INFO:colcon.colcon_core.shell:Creating package script '/home/agatino/turtlebot3_ws/install/turtlebot3_gazebo/share/turtlebot3_gazebo/package.ps1'
[20.634s] INFO:colcon.colcon_core.shell:Creating package descriptor '/home/agatino/turtlebot3_ws/install/turtlebot3_gazebo/share/turtlebot3_gazebo/package.dsv'
[20.634s] INFO:colcon.colcon_core.shell:Creating package script '/home/agatino/turtlebot3_ws/install/turtlebot3_gazebo/share/turtlebot3_gazebo/package.sh'
[20.635s] INFO:colcon.colcon_core.shell:Creating package script '/home/agatino/turtlebot3_ws/install/turtlebot3_gazebo/share/turtlebot3_gazebo/package.bash'
[20.635s] INFO:colcon.colcon_core.shell:Creating package script '/home/agatino/turtlebot3_ws/install/turtlebot3_gazebo/share/turtlebot3_gazebo/package.zsh'
[20.636s] Level 1:colcon.colcon_core.environment:create_file_with_runtime_dependencies(/home/agatino/turtlebot3_ws/install/turtlebot3_gazebo/share/colcon-core/packages/turtlebot3_gazebo)
[20.636s] INFO:colcon.colcon_ros.task.ament_cmake.build:Building ROS package in '/home/agatino/turtlebot3_ws/src/turtlebot3_simulations/turtlebot3_simulations' with build type 'ament_cmake'
[20.636s] INFO:colcon.colcon_cmake.task.cmake.build:Building CMake package in '/home/agatino/turtlebot3_ws/src/turtlebot3_simulations/turtlebot3_simulations'
[20.677s] INFO:colcon.colcon_core.shell:Skip shell extension 'powershell' for command environment: Not usable outside of PowerShell
[20.677s] DEBUG:colcon.colcon_core.shell:Skip shell extension 'dsv' for command environment
[20.812s] DEBUG:colcon.colcon_core.event_handler.log_command:Invoking command in '/home/agatino/turtlebot3_ws/build/turtlebot3_simulations': CMAKE_PREFIX_PATH=/home/agatino/turtlebot3_ws/install/turtlebot3_gazebo:/home/agatino/turtlebot3_ws/install/turtlebot3_fake_node:/home/agatino/turtlebot3_ws/install/turtlebot3_simulations:/opt/ros/foxy /usr/bin/cmake /home/agatino/turtlebot3_ws/src/turtlebot3_simulations/turtlebot3_simulations -DAMENT_CMAKE_SYMLINK_INSTALL=1 -DCMAKE_INSTALL_PREFIX=/home/agatino/turtlebot3_ws/install/turtlebot3_simulations
[21.597s] DEBUG:colcon.colcon_core.event_handler.log_command:Invoked command in '/home/agatino/turtlebot3_ws/build/turtlebot3_simulations' returned '0': CMAKE_PREFIX_PATH=/home/agatino/turtlebot3_ws/install/turtlebot3_gazebo:/home/agatino/turtlebot3_ws/install/turtlebot3_fake_node:/home/agatino/turtlebot3_ws/install/turtlebot3_simulations:/opt/ros/foxy /usr/bin/cmake /home/agatino/turtlebot3_ws/src/turtlebot3_simulations/turtlebot3_simulations -DAMENT_CMAKE_SYMLINK_INSTALL=1 -DCMAKE_INSTALL_PREFIX=/home/agatino/turtlebot3_ws/install/turtlebot3_simulations
[21.598s] DEBUG:colcon.colcon_core.event_handler.log_command:Invoking command in '/home/agatino/turtlebot3_ws/build/turtlebot3_simulations': CMAKE_PREFIX_PATH=/home/agatino/turtlebot3_ws/install/turtlebot3_gazebo:/home/agatino/turtlebot3_ws/install/turtlebot3_fake_node:/home/agatino/turtlebot3_ws/install/turtlebot3_simulations:/opt/ros/foxy /usr/bin/cmake --build /home/agatino/turtlebot3_ws/build/turtlebot3_simulations -- -j8 -l8
[21.648s] DEBUG:colcon.colcon_core.event_handler.log_command:Invoked command in '/home/agatino/turtlebot3_ws/build/turtlebot3_simulations' returned '0': CMAKE_PREFIX_PATH=/home/agatino/turtlebot3_ws/install/turtlebot3_gazebo:/home/agatino/turtlebot3_ws/install/turtlebot3_fake_node:/home/agatino/turtlebot3_ws/install/turtlebot3_simulations:/opt/ros/foxy /usr/bin/cmake --build /home/agatino/turtlebot3_ws/build/turtlebot3_simulations -- -j8 -l8
[21.678s] DEBUG:colcon.colcon_core.event_handler.log_command:Invoking command in '/home/agatino/turtlebot3_ws/build/turtlebot3_simulations': CMAKE_PREFIX_PATH=/home/agatino/turtlebot3_ws/install/turtlebot3_gazebo:/home/agatino/turtlebot3_ws/install/turtlebot3_fake_node:/home/agatino/turtlebot3_ws/install/turtlebot3_simulations:/opt/ros/foxy /usr/bin/cmake --install /home/agatino/turtlebot3_ws/build/turtlebot3_simulations
[21.845s] Level 1:colcon.colcon_core.environment:create_environment_scripts_only(turtlebot3_simulations)
[21.846s] DEBUG:colcon.colcon_core.event_handler.log_command:Invoked command in '/home/agatino/turtlebot3_ws/build/turtlebot3_simulations' returned '0': CMAKE_PREFIX_PATH=/home/agatino/turtlebot3_ws/install/turtlebot3_gazebo:/home/agatino/turtlebot3_ws/install/turtlebot3_fake_node:/home/agatino/turtlebot3_ws/install/turtlebot3_simulations:/opt/ros/foxy /usr/bin/cmake --install /home/agatino/turtlebot3_ws/build/turtlebot3_simulations
[21.899s] Level 1:colcon.colcon_core.environment:checking '/home/agatino/turtlebot3_ws/install/turtlebot3_simulations' for CMake module files
[21.900s] Level 1:colcon.colcon_core.environment:checking '/home/agatino/turtlebot3_ws/install/turtlebot3_simulations' for CMake config files
[21.900s] Level 1:colcon.colcon_core.shell:create_environment_hook('turtlebot3_simulations', 'cmake_prefix_path')
[21.938s] INFO:colcon.colcon_core.shell:Creating environment hook '/home/agatino/turtlebot3_ws/install/turtlebot3_simulations/share/turtlebot3_simulations/hook/cmake_prefix_path.ps1'
[21.938s] INFO:colcon.colcon_core.shell:Creating environment descriptor '/home/agatino/turtlebot3_ws/install/turtlebot3_simulations/share/turtlebot3_simulations/hook/cmake_prefix_path.dsv'
[21.938s] INFO:colcon.colcon_core.shell:Creating environment hook '/home/agatino/turtlebot3_ws/install/turtlebot3_simulations/share/turtlebot3_simulations/hook/cmake_prefix_path.sh'
[21.939s] Level 1:colcon.colcon_core.environment:checking '/home/agatino/turtlebot3_ws/install/turtlebot3_simulations/bin'
[21.939s] Level 1:colcon.colcon_core.environment:checking '/home/agatino/turtlebot3_ws/install/turtlebot3_simulations/lib/pkgconfig/turtlebot3_simulations.pc'
[21.939s] Level 1:colcon.colcon_core.environment:checking '/home/agatino/turtlebot3_ws/install/turtlebot3_simulations/lib/python3.8/site-packages'
[21.939s] Level 1:colcon.colcon_core.environment:checking '/home/agatino/turtlebot3_ws/install/turtlebot3_simulations/bin'
[21.977s] INFO:colcon.colcon_core.shell:Creating package script '/home/agatino/turtlebot3_ws/install/turtlebot3_simulations/share/turtlebot3_simulations/package.ps1'
[21.977s] INFO:colcon.colcon_core.shell:Creating package descriptor '/home/agatino/turtlebot3_ws/install/turtlebot3_simulations/share/turtlebot3_simulations/package.dsv'
[21.978s] INFO:colcon.colcon_core.shell:Creating package script '/home/agatino/turtlebot3_ws/install/turtlebot3_simulations/share/turtlebot3_simulations/package.sh'
[21.978s] INFO:colcon.colcon_core.shell:Creating package script '/home/agatino/turtlebot3_ws/install/turtlebot3_simulations/share/turtlebot3_simulations/package.bash'
[21.978s] INFO:colcon.colcon_core.shell:Creating package script '/home/agatino/turtlebot3_ws/install/turtlebot3_simulations/share/turtlebot3_simulations/package.zsh'
[21.978s] Level 1:colcon.colcon_core.environment:create_file_with_runtime_dependencies(/home/agatino/turtlebot3_ws/install/turtlebot3_simulations/share/colcon-core/packages/turtlebot3_simulations)
[22.044s] Level 1:colcon.colcon_core.environment:create_environment_scripts_only(turtlebot3_simulations)
[22.082s] Level 1:colcon.colcon_core.environment:checking '/home/agatino/turtlebot3_ws/install/turtlebot3_simulations' for CMake module files
[22.082s] Level 1:colcon.colcon_core.environment:checking '/home/agatino/turtlebot3_ws/install/turtlebot3_simulations' for CMake config files
[22.083s] Level 1:colcon.colcon_core.shell:create_environment_hook('turtlebot3_simulations', 'cmake_prefix_path')
[22.121s] INFO:colcon.colcon_core.shell:Creating environment hook '/home/agatino/turtlebot3_ws/install/turtlebot3_simulations/share/turtlebot3_simulations/hook/cmake_prefix_path.ps1'
[22.122s] INFO:colcon.colcon_core.shell:Creating environment descriptor '/home/agatino/turtlebot3_ws/install/turtlebot3_simulations/share/turtlebot3_simulations/hook/cmake_prefix_path.dsv'
[22.122s] INFO:colcon.colcon_core.shell:Creating environment hook '/home/agatino/turtlebot3_ws/install/turtlebot3_simulations/share/turtlebot3_simulations/hook/cmake_prefix_path.sh'
[22.122s] Level 1:colcon.colcon_core.environment:checking '/home/agatino/turtlebot3_ws/install/turtlebot3_simulations/bin'
[22.123s] Level 1:colcon.colcon_core.environment:checking '/home/agatino/turtlebot3_ws/install/turtlebot3_simulations/lib/pkgconfig/turtlebot3_simulations.pc'
[22.123s] Level 1:colcon.colcon_core.environment:checking '/home/agatino/turtlebot3_ws/install/turtlebot3_simulations/lib/python3.8/site-packages'
[22.123s] Level 1:colcon.colcon_core.environment:checking '/home/agatino/turtlebot3_ws/install/turtlebot3_simulations/bin'
[22.160s] INFO:colcon.colcon_core.shell:Creating package script '/home/agatino/turtlebot3_ws/install/turtlebot3_simulations/share/turtlebot3_simulations/package.ps1'
[22.161s] INFO:colcon.colcon_core.shell:Creating package descriptor '/home/agatino/turtlebot3_ws/install/turtlebot3_simulations/share/turtlebot3_simulations/package.dsv'
[22.161s] INFO:colcon.colcon_core.shell:Creating package script '/home/agatino/turtlebot3_ws/install/turtlebot3_simulations/share/turtlebot3_simulations/package.sh'
[22.162s] INFO:colcon.colcon_core.shell:Creating package script '/home/agatino/turtlebot3_ws/install/turtlebot3_simulations/share/turtlebot3_simulations/package.bash'
[22.162s] INFO:colcon.colcon_core.shell:Creating package script '/home/agatino/turtlebot3_ws/install/turtlebot3_simulations/share/turtlebot3_simulations/package.zsh'
[22.162s] Level 1:colcon.colcon_core.environment:create_file_with_runtime_dependencies(/home/agatino/turtlebot3_ws/install/turtlebot3_simulations/share/colcon-core/packages/turtlebot3_simulations)
[22.163s] DEBUG:colcon.colcon_parallel_executor.executor.parallel:closing loop
[22.163s] DEBUG:colcon.colcon_parallel_executor.executor.parallel:loop closed
[22.163s] DEBUG:colcon.colcon_parallel_executor.executor.parallel:run_until_complete finished with '0'
[22.164s] DEBUG:colcon.colcon_core.event_reactor:joining thread
[22.208s] INFO:colcon.colcon_core.plugin_system:Skipping extension 'colcon_notification.desktop_notification.terminal_notifier': Not used on non-Darwin systems
[22.208s] INFO:colcon.colcon_core.plugin_system:Skipping extension 'colcon_notification.desktop_notification.win32': Not used on non-Windows systems
[22.208s] INFO:colcon.colcon_notification.desktop_notification:Sending desktop notification using 'notify2'
[22.228s] DEBUG:colcon.colcon_core.event_reactor:joined thread
[22.270s] INFO:colcon.colcon_core.shell:Creating prefix script '/home/agatino/turtlebot3_ws/install/local_setup.ps1'
[22.271s] INFO:colcon.colcon_core.shell:Creating prefix util module '/home/agatino/turtlebot3_ws/install/_local_setup_util_ps1.py'
[22.272s] INFO:colcon.colcon_core.shell:Creating prefix chain script '/home/agatino/turtlebot3_ws/install/setup.ps1'
[22.312s] INFO:colcon.colcon_core.shell:Creating prefix script '/home/agatino/turtlebot3_ws/install/local_setup.sh'
[22.312s] INFO:colcon.colcon_core.shell:Creating prefix util module '/home/agatino/turtlebot3_ws/install/_local_setup_util_sh.py'
[22.313s] INFO:colcon.colcon_core.shell:Creating prefix chain script '/home/agatino/turtlebot3_ws/install/setup.sh'
[22.352s] INFO:colcon.colcon_core.shell:Creating prefix script '/home/agatino/turtlebot3_ws/install/local_setup.bash'
[22.355s] INFO:colcon.colcon_core.shell:Creating prefix chain script '/home/agatino/turtlebot3_ws/install/setup.bash'
[22.394s] INFO:colcon.colcon_core.shell:Creating prefix script '/home/agatino/turtlebot3_ws/install/local_setup.zsh'
[22.395s] INFO:colcon.colcon_core.shell:Creating prefix chain script '/home/agatino/turtlebot3_ws/install/setup.zsh'
